<?xml version="1.0" encoding="UTF-8"?>
<!-- Generated by org.testng.reporters.JUnitXMLReporter -->
<testsuite ignored="0" hostname="LAPTOP-618V3I55" failures="0" tests="9" name="MLwallet" time="767.549" errors="0" timestamp="2022-09-06T21:01:32 IST">
  <testcase classname="com.MlwalletScripts.MlwalletScripts" name="MLWalletAppLaunch" time="2.686"/>
  <testcase classname="com.MlwalletScripts.MlwalletScripts" name="Login" time="35.531"/>
  <testcase classname="com.MlwalletScripts.MlwalletScripts" name="SendMoney" time="13.051"/>
  <testcase classname="com.MlwalletScripts.MlwalletScripts" name="WalletToWallet" time="129.341"/>
  <testcase classname="com.MlwalletScripts.MlwalletScripts" name="KwartaPadala" time="134.734"/>
  <testcase classname="com.MlwalletScripts.MlwalletScripts" name="WithdrawMoney" time="68.006"/>
  <testcase classname="com.MlwalletScripts.MlwalletScripts" name="RecievedMoney" time="63.764"/>
  <testcase classname="com.MlwalletScripts.MlwalletScripts" name="WalletToWalletNegativeScenario" time="150.998"/>
  <testcase classname="com.MlwalletScripts.MlwalletScripts" name="WrongOTPHandle" time="84.583"/>
</testsuite> <!-- MLwallet -->
