<?xml version="1.0" encoding="UTF-8"?>
<!-- Generated by org.testng.reporters.JUnitXMLReporter -->
<testsuite ignored="0" hostname="DESKTOP-077G3EM" failures="1" tests="9" name="Plobal" time="663.112" errors="0" timestamp="2022-10-17T00:24:17 IST">
  <testcase classname="com.Plobal.TestScripts.PlobalTestScripts" name="plobalAppLaunch" time="12.314"/>
  <testcase classname="com.Plobal.TestScripts.PlobalTestScripts" name="plobalLogin" time="31.41"/>
  <testcase classname="com.Plobal.TestScripts.PlobalTestScripts" name="plobalSelectItem" time="28.143"/>
  <testcase classname="com.Plobal.TestScripts.PlobalTestScripts" name="plobalPaymentOption" time="7.342"/>
  <testcase classname="com.Plobal.TestScripts.PlobalTestScripts" name="plobalDeliveryAddress" time="99.726"/>
  <testcase classname="com.Plobal.TestScripts.PlobalTestScripts" name="plobalSearchProduct" time="133.539"/>
  <testcase classname="com.Plobal.TestScripts.PlobalTestScripts" name="plobalSearchProductByBarCode" time="114.586"/>
  <testcase classname="com.Plobal.TestScripts.PlobalTestScripts" name="plobalLogout" time="13.869"/>
  <testcase classname="com.Plobal.TestScripts.PlobalTestScripts" name="plobalCleverTap" time="185.95">
    <failure type="java.lang.AssertionError" message="The following asserts failed:
	expected [1400] but found [$16,99 ],
	expected [1400] but found [$16,99 ],
	expected [1652] but found [$20,04 ]">
      <![CDATA[java.lang.AssertionError: The following asserts failed:
expected [1400] but found [$16,99 ],
expected [1400] but found [$16,99 ],
expected [1652] but found [$20,04 ]
at com.business.Plobal.PlobalBusinessLogic.cleverTap(PlobalBusinessLogic.java:580)
at com.Plobal.TestScripts.PlobalTestScripts.plobalCleverTap(PlobalTestScripts.java:79)
at java.base/java.util.ArrayList.forEach(ArrayList.java:1511)
... Removed 27 stack frames]]>
    </failure>
  </testcase> <!-- plobalCleverTap -->
</testsuite> <!-- Plobal -->
