<?xml version="1.0" encoding="UTF-8"?>
<!-- Generated by org.testng.reporters.JUnitXMLReporter -->
<testsuite ignored="0" hostname="DESKTOP-077G3EM" failures="0" tests="7" name="Plobal" time="394.317" errors="0" timestamp="2022-10-04T17:52:50 IST">
  <testcase classname="com.Plobal.TestScripts.PlobalTestScripts" name="plobalAppLaunch" time="18.89"/>
  <testcase classname="com.Plobal.TestScripts.PlobalTestScripts" name="plobalLogin" time="31.574"/>
  <testcase classname="com.Plobal.TestScripts.PlobalTestScripts" name="plobalSelectItem" time="20.829"/>
  <testcase classname="com.Plobal.TestScripts.PlobalTestScripts" name="plobalPaymentOption" time="0.435"/>
  <testcase classname="com.Plobal.TestScripts.PlobalTestScripts" name="plobalDeliveryAddress" time="85.655"/>
  <testcase classname="com.Plobal.TestScripts.PlobalTestScripts" name="plobalSearchProduct" time="118.466"/>
  <testcase classname="com.Plobal.TestScripts.PlobalTestScripts" name="plobalLogout" time="11.344"/>
</testsuite> <!-- Plobal -->
