<?xml version="1.0" encoding="UTF-8"?>
<!-- Generated by org.testng.reporters.JUnitXMLReporter -->
<testsuite ignored="0" hostname="DESKTOP-077G3EM" failures="0" tests="1" name="Default test" time="1.796" errors="0" timestamp="2022-09-27T12:35:37 IST">
  <testcase classname="com.Plobal.TestScripts.PlobalTestScripts" name="@BeforeTest Before" time="1.731">
    <skipped/>
  </testcase> <!-- @BeforeTest Before -->
  <testcase classname="com.Plobal.TestScripts.PlobalTestScripts" name="ringPayAppLaunch" time="0.0">
    <skipped/>
  </testcase> <!-- ringPayAppLaunch -->
</testsuite> <!-- Default test -->
