<?xml version="1.0" encoding="UTF-8"?>
<testng-results ignored="0" total="9" passed="9" failed="0" skipped="0">
  <reporter-output>
  </reporter-output>
  <suite started-at="2022-09-06T20:48:45 IST" name="Android" finished-at="2022-09-06T21:01:32 IST" duration-ms="767549">
    <groups>
    </groups>
    <test started-at="2022-09-06T20:48:45 IST" name="MLwallet" finished-at="2022-09-06T21:01:32 IST" duration-ms="767549">
      <class name="com.MlwalletScripts.MlwalletScripts">
        <test-method is-config="true" signature="Before()[pri:0, instance:com.MlwalletScripts.MlwalletScripts@7e4204e2]" started-at="2022-09-06T20:48:55 IST" name="Before" finished-at="2022-09-06T20:49:08 IST" duration-ms="13623" status="PASS">
          <reporter-output>
          </reporter-output>
        </test-method> <!-- Before -->
        <test-method signature="MLWalletAppLaunch()[pri:0, instance:com.MlwalletScripts.MlwalletScripts@7e4204e2]" started-at="2022-09-06T20:49:08 IST" name="MLWalletAppLaunch" finished-at="2022-09-06T20:49:11 IST" duration-ms="2686" status="PASS">
          <reporter-output>
          </reporter-output>
        </test-method> <!-- MLWalletAppLaunch -->
        <test-method signature="Login()[pri:1, instance:com.MlwalletScripts.MlwalletScripts@7e4204e2]" started-at="2022-09-06T20:49:11 IST" name="Login" finished-at="2022-09-06T20:49:47 IST" duration-ms="35531" status="PASS">
          <reporter-output>
          </reporter-output>
        </test-method> <!-- Login -->
        <test-method signature="SendMoney()[pri:2, instance:com.MlwalletScripts.MlwalletScripts@7e4204e2]" started-at="2022-09-06T20:49:47 IST" name="SendMoney" finished-at="2022-09-06T20:50:00 IST" duration-ms="13051" status="PASS">
          <reporter-output>
          </reporter-output>
        </test-method> <!-- SendMoney -->
        <test-method signature="WalletToWallet()[pri:3, instance:com.MlwalletScripts.MlwalletScripts@7e4204e2]" started-at="2022-09-06T20:50:00 IST" name="WalletToWallet" finished-at="2022-09-06T20:52:10 IST" duration-ms="129341" status="PASS">
          <reporter-output>
          </reporter-output>
        </test-method> <!-- WalletToWallet -->
        <test-method signature="KwartaPadala()[pri:4, instance:com.MlwalletScripts.MlwalletScripts@7e4204e2]" started-at="2022-09-06T20:52:28 IST" name="KwartaPadala" finished-at="2022-09-06T20:54:42 IST" duration-ms="134734" status="PASS">
          <reporter-output>
          </reporter-output>
        </test-method> <!-- KwartaPadala -->
        <test-method signature="WithdrawMoney()[pri:5, instance:com.MlwalletScripts.MlwalletScripts@7e4204e2]" started-at="2022-09-06T20:54:50 IST" name="WithdrawMoney" finished-at="2022-09-06T20:55:58 IST" duration-ms="68006" status="PASS">
          <reporter-output>
          </reporter-output>
        </test-method> <!-- WithdrawMoney -->
        <test-method signature="RecievedMoney()[pri:6, instance:com.MlwalletScripts.MlwalletScripts@7e4204e2]" started-at="2022-09-06T20:56:06 IST" name="RecievedMoney" finished-at="2022-09-06T20:57:09 IST" duration-ms="63764" status="PASS">
          <reporter-output>
          </reporter-output>
        </test-method> <!-- RecievedMoney -->
        <test-method signature="WalletToWalletNegativeScenario()[pri:7, instance:com.MlwalletScripts.MlwalletScripts@7e4204e2]" started-at="2022-09-06T20:57:15 IST" name="WalletToWalletNegativeScenario" finished-at="2022-09-06T20:59:46 IST" duration-ms="150998" status="PASS">
          <reporter-output>
          </reporter-output>
        </test-method> <!-- WalletToWalletNegativeScenario -->
        <test-method signature="WrongOTPHandle()[pri:8, instance:com.MlwalletScripts.MlwalletScripts@7e4204e2]" started-at="2022-09-06T20:59:53 IST" name="WrongOTPHandle" finished-at="2022-09-06T21:01:18 IST" duration-ms="84583" status="PASS">
          <reporter-output>
          </reporter-output>
        </test-method> <!-- WrongOTPHandle -->
        <test-method is-config="true" signature="After()[pri:0, instance:com.MlwalletScripts.MlwalletScripts@7e4204e2]" started-at="2022-09-06T21:01:29 IST" name="After" finished-at="2022-09-06T21:01:32 IST" duration-ms="3512" status="PASS">
          <reporter-output>
          </reporter-output>
        </test-method> <!-- After -->
      </class> <!-- com.MlwalletScripts.MlwalletScripts -->
    </test> <!-- MLwallet -->
  </suite> <!-- Android -->
</testng-results>
