<?xml version="1.0" encoding="UTF-8"?>
<testsuite xmlns:xsi="http://www.w3.org/2001/XMLSchema-instance" xsi:noNamespaceSchemaLocation="https://maven.apache.org/surefire/maven-surefire-plugin/xsd/surefire-test-report.xsd" name="TestSuite" time="768.574" tests="9" errors="0" skipped="0" failures="0">
  <properties>
[...]
</properties>
  <testcase name="MLWalletAppLaunch" classname="com.MlwalletScripts.MlwalletScripts" time="2.689"/>
  <testcase name="Login" classname="com.MlwalletScripts.MlwalletScripts" time="35.532"/>
  <testcase name="SendMoney" classname="com.MlwalletScripts.MlwalletScripts" time="13.047"/>
  <testcase name="WalletToWallet" classname="com.MlwalletScripts.MlwalletScripts" time="129.339"/>
  <testcase name="KwartaPadala" classname="com.MlwalletScripts.MlwalletScripts" time="134.734"/>
  <testcase name="WithdrawMoney" classname="com.MlwalletScripts.MlwalletScripts" time="68.004"/>
  <testcase name="RecievedMoney" classname="com.MlwalletScripts.MlwalletScripts" time="63.763"/>
  <testcase name="WalletToWalletNegativeScenario" classname="com.MlwalletScripts.MlwalletScripts" time="150.998"/>
  <testcase name="WrongOTPHandle" classname="com.MlwalletScripts.MlwalletScripts" time="84.572"/>
</testsuite>